TN:
SF:script/Deploy.s.sol
DA:9,0
FN:9,Deploy.run
FNDA:0,Deploy.run
DA:10,0
DA:12,0
DA:14,0
DA:16,0
DA:17,0
DA:19,0
DA:21,0
DA:22,0
DA:23,0
FNF:1
FNH:0
LF:10
LH:0
BRF:0
BRH:0
end_of_record
TN:
SF:src/AttnNames.sol
DA:50,4242
FN:50,AttnNames._s
FNDA:4242,AttnNames._s
DA:52,4242
DA:105,112
FN:105,AttnNames.constructor
FNDA:112,AttnNames.constructor
DA:106,112
DA:109,109
FN:109,AttnNames.initialize
FNDA:109,AttnNames.initialize
DA:110,108
DA:111,108
DA:112,108
DA:113,108
DA:114,108
DA:116,108
DA:117,108
DA:118,108
DA:123,2369
FN:123,AttnNames.namehash
FNDA:2369,AttnNames.namehash
DA:124,3731
DA:129,1625
FN:129,AttnNames._validateLabel
FNDA:1625,AttnNames._validateLabel
DA:130,1625
DA:131,1625
DA:133,1625
BRDA:133,0,0,3
DA:134,1622
BRDA:134,1,0,1
DA:135,1621
BRDA:135,2,0,1
DA:136,1620
BRDA:136,3,0,1
DA:138,1619
DA:139,14377
DA:140,14377
DA:143,14377
BRDA:143,4,0,5
DA:144,14372
DA:150,1626
FN:150,AttnNames.register
FNDA:1626,AttnNames.register
DA:151,1625
DA:153,1625
DA:155,1614
DA:156,1614
BRDA:156,5,0,1
DA:158,1613
BRDA:158,6,0,257
DA:160,1356
DA:161,1356
DA:163,1356
DA:164,1356
DA:165,1356
DA:167,1356
DA:169,1356
BRDA:169,7,0,1353
DA:170,1353
DA:171,1353
DA:174,1356
DA:176,1356
DA:177,1356
BRDA:177,8,0,259
DA:178,259
DA:179,259
BRDA:179,9,0,-
DA:185,3
FN:185,AttnNames.resolve
FNDA:3,AttnNames.resolve
DA:186,3
DA:187,3
DA:190,16
FN:190,AttnNames.primaryNameOf
FNDA:16,AttnNames.primaryNameOf
DA:191,16
DA:192,16
DA:193,16
DA:194,9
DA:197,3
FN:197,AttnNames.labelOf
FNDA:3,AttnNames.labelOf
DA:198,3
DA:203,3
FN:203,AttnNames.setPrimaryName
FNDA:3,AttnNames.setPrimaryName
DA:204,3
DA:205,3
BRDA:205,11,0,1
DA:207,2
DA:208,2
DA:211,2
FN:211,AttnNames.clearPrimaryName
FNDA:2,AttnNames.clearPrimaryName
DA:212,2
DA:213,2
BRDA:213,12,0,1
DA:214,1
DA:215,1
DA:220,1375
FN:220,AttnNames._update
FNDA:1375,AttnNames._update
DA:225,1375
DA:227,1375
DA:230,1375
BRDA:230,13,0,2
DA:231,2
DA:232,2
DA:236,1375
BRDA:236,14,0,19
DA:237,19
DA:238,19
BRDA:238,15,0,18
DA:239,18
DA:240,18
DA:244,1375
DA:249,22
FN:249,AttnNames.listForSale
FNDA:22,AttnNames.listForSale
DA:250,22
BRDA:250,16,0,1
DA:251,21
BRDA:251,17,0,1
DA:253,20
DA:254,20
DA:257,4
FN:257,AttnNames.delistName
FNDA:4,AttnNames.delistName
DA:258,4
DA:259,4
BRDA:259,18,0,1
DA:260,3
BRDA:260,19,0,1
DA:262,2
DA:263,2
DA:266,14
FN:266,AttnNames.buy
FNDA:14,AttnNames.buy
DA:267,12
DA:268,12
DA:269,12
BRDA:269,20,0,1
DA:271,11
DA:272,11
BRDA:272,21,0,1
DA:273,10
BRDA:273,22,0,1
DA:276,9
DA:278,9
DA:279,9
DA:281,9
DA:283,9
DA:286,9
DA:287,9
BRDA:287,23,0,1
DA:290,9
DA:291,9
BRDA:291,24,0,2
DA:292,2
DA:293,2
BRDA:293,25,0,1
DA:299,530
FN:299,AttnNames.makeOffer
FNDA:530,AttnNames.makeOffer
DA:300,530
BRDA:300,26,0,1
DA:301,529
BRDA:301,27,0,1
DA:302,528
DA:304,527
DA:307,527
DA:308,527
BRDA:308,28,0,1
DA:309,1
DA:310,1
DA:311,1
DA:312,1
BRDA:312,29,0,-
DA:315,527
DA:316,527
DA:317,527
DA:320,4
FN:320,AttnNames.cancelOffer
FNDA:4,AttnNames.cancelOffer
DA:321,4
DA:322,4
DA:323,4
BRDA:323,30,0,1
DA:325,3
DA:326,3
DA:327,3
DA:329,3
DA:330,3
BRDA:330,31,0,1
DA:333,8
FN:333,AttnNames.acceptOffer
FNDA:8,AttnNames.acceptOffer
DA:334,8
BRDA:334,32,0,1
DA:336,7
DA:337,7
DA:338,7
BRDA:338,33,0,1
DA:339,6
BRDA:339,34,0,1
DA:342,5
DA:343,5
DA:345,5
DA:346,5
DA:348,5
DA:350,5
DA:352,5
DA:353,5
BRDA:353,35,0,1
DA:358,5
FN:358,AttnNames.withdraw
FNDA:5,AttnNames.withdraw
DA:359,4
DA:360,4
DA:361,4
BRDA:361,36,0,1
DA:362,3
DA:363,3
BRDA:363,37,0,-
DA:364,3
DA:367,3
FN:367,AttnNames.setRegistrationFee
FNDA:3,AttnNames.setRegistrationFee
DA:368,2
DA:369,2
DA:370,2
DA:371,2
DA:374,3
FN:374,AttnNames.setProtocolFeeBps
FNDA:3,AttnNames.setProtocolFeeBps
DA:375,2
BRDA:375,38,0,1
DA:376,1
DA:377,1
DA:378,1
DA:379,1
DA:382,3
FN:382,AttnNames.pause
FNDA:3,AttnNames.pause
DA:383,2
DA:386,1
FN:386,AttnNames.unpause
FNDA:1,AttnNames.unpause
DA:387,0
DA:390,4
FN:390,AttnNames._authorizeUpgrade
FNDA:4,AttnNames._authorizeUpgrade
DA:394,2
FN:394,AttnNames.registrationFee
FNDA:2,AttnNames.registrationFee
DA:395,2
DA:398,1
FN:398,AttnNames.protocolFeeBps
FNDA:1,AttnNames.protocolFeeBps
DA:399,1
DA:402,4
FN:402,AttnNames.totalRegistrations
FNDA:4,AttnNames.totalRegistrations
DA:403,4
DA:406,6
FN:406,AttnNames.getListing
FNDA:6,AttnNames.getListing
DA:407,6
DA:410,515
FN:410,AttnNames.getOffer
FNDA:515,AttnNames.getOffer
DA:411,515
DA:414,2
FN:414,AttnNames.available
FNDA:2,AttnNames.available
DA:415,2
DA:416,2
FNF:30
FNH:30
LF:181
LH:180
BRF:38
BRH:35
end_of_record
TN:
SF:test/helpers/AttnNamesV2Mock.sol
DA:7,2
FN:7,AttnNamesV2Mock.version
FNDA:2,AttnNamesV2Mock.version
DA:8,2
FNF:1
FNH:1
LF:2
LH:2
BRF:0
BRH:0
end_of_record
TN:
SF:test/helpers/ReentrantBuyer.sol
DA:11,2
FN:11,ReentrantBuyer.constructor
FNDA:2,ReentrantBuyer.constructor
DA:12,2
DA:15,1
FN:15,ReentrantBuyer.attackBuy
FNDA:1,ReentrantBuyer.attackBuy
DA:16,1
DA:17,1
DA:18,1
DA:21,1
FN:21,ReentrantBuyer.attackCancelOffer
FNDA:1,ReentrantBuyer.attackCancelOffer
DA:22,1
DA:23,1
DA:24,1
DA:27,1
FN:27,ReentrantBuyer.makeOfferFor
FNDA:1,ReentrantBuyer.makeOfferFor
DA:28,1
DA:31,2
FN:31,ReentrantBuyer.receive
FNDA:2,ReentrantBuyer.receive
DA:32,2
BRDA:32,0,0,2
DA:33,2
DA:34,2
FNF:5
FNH:5
LF:16
LH:16
BRF:1
BRH:1
end_of_record
TN:
SF:test/helpers/RejectETH.sol
DA:10,2
FN:10,RejectETH.constructor
FNDA:2,RejectETH.constructor
DA:11,2
DA:14,2
FN:14,RejectETH.registerName
FNDA:2,RejectETH.registerName
DA:15,2
DA:18,1
FN:18,RejectETH.listName
FNDA:1,RejectETH.listName
DA:19,1
DA:22,1
FN:22,RejectETH.acceptOfferFor
FNDA:1,RejectETH.acceptOfferFor
DA:23,1
DA:27,2
FN:27,RejectETH.receive
FNDA:2,RejectETH.receive
DA:28,2
FNF:5
FNH:5
LF:10
LH:10
BRF:0
BRH:0
end_of_record
